2013/03/11 12:08:59 [error] [exception.CHttpException.404] exception 'CHttpException' with message 'Unable to resolve the request "mail/cron".' in C:\xampp\yii\framework\web\CWebApplication.php:286
Stack trace:
#0 C:\xampp\yii\framework\web\CWebApplication.php(141): CWebApplication->runController('mail/cron')
#1 C:\xampp\yii\framework\base\CApplication.php(169): CWebApplication->processRequest()
#2 C:\xampp\htdocs\testingMail\index.php(13): CApplication->run()
#3 {main}
REQUEST_URI=/testingMail/index.php?r=mail/cron
---
2013/03/11 12:09:08 [error] [exception.CHttpException.404] exception 'CHttpException' with message 'Unable to resolve the request "mail/contact".' in C:\xampp\yii\framework\web\CWebApplication.php:286
Stack trace:
#0 C:\xampp\yii\framework\web\CWebApplication.php(141): CWebApplication->runController('mail/contact')
#1 C:\xampp\yii\framework\base\CApplication.php(169): CWebApplication->processRequest()
#2 C:\xampp\htdocs\testingMail\index.php(13): CApplication->run()
#3 {main}
REQUEST_URI=/testingMail/index.php?r=mail/contact
---
2013/03/11 12:23:03 [error] [php] include(YiiMailer.php) [<a href='function.include'>function.include</a>]: failed to open stream: No such file or directory (C:\xampp\yii\framework\YiiBase.php:421)
Stack trace:
#0 C:\xampp\htdocs\testingMail\protected\controllers\SiteController.php(63): spl_autoload_call()
#1 C:\xampp\yii\framework\web\actions\CInlineAction.php(49): SiteController->actionContact()
#2 C:\xampp\yii\framework\web\CController.php(308): CInlineAction->runWithParams()
#3 C:\xampp\yii\framework\web\CController.php(286): SiteController->runAction()
#4 C:\xampp\yii\framework\web\CController.php(265): SiteController->runActionWithFilters()
#5 C:\xampp\yii\framework\web\CWebApplication.php(282): SiteController->run()
#6 C:\xampp\yii\framework\web\CWebApplication.php(141): CWebApplication->runController()
#7 C:\xampp\yii\framework\base\CApplication.php(169): CWebApplication->processRequest()
#8 C:\xampp\htdocs\testingMail\index.php(13): CWebApplication->run()
REQUEST_URI=/testingMail/index.php?r=site/contact
in C:\xampp\htdocs\testingMail\protected\controllers\SiteController.php (63)
in C:\xampp\htdocs\testingMail\index.php (13)
2013/03/11 12:33:39 [error] [php] include(YiiMailer.php) [<a href='function.include'>function.include</a>]: failed to open stream: No such file or directory (C:\xampp\yii\framework\YiiBase.php:421)
Stack trace:
#0 C:\xampp\htdocs\testingMail\protected\controllers\SiteController.php(122): spl_autoload_call()
#1 C:\xampp\htdocs\testingMail\protected\controllers\SiteController.php(54): SiteController->sendMail()
#2 C:\xampp\yii\framework\web\actions\CInlineAction.php(49): SiteController->actionContact()
#3 C:\xampp\yii\framework\web\CController.php(308): CInlineAction->runWithParams()
#4 C:\xampp\yii\framework\web\CController.php(286): SiteController->runAction()
#5 C:\xampp\yii\framework\web\CController.php(265): SiteController->runActionWithFilters()
#6 C:\xampp\yii\framework\web\CWebApplication.php(282): SiteController->run()
#7 C:\xampp\yii\framework\web\CWebApplication.php(141): CWebApplication->runController()
#8 C:\xampp\yii\framework\base\CApplication.php(169): CWebApplication->processRequest()
#9 C:\xampp\htdocs\testingMail\index.php(13): CWebApplication->run()
REQUEST_URI=/testingMail/index.php?r=site/contact
in C:\xampp\htdocs\testingMail\protected\controllers\SiteController.php (122)
in C:\xampp\htdocs\testingMail\protected\controllers\SiteController.php (54)
in C:\xampp\htdocs\testingMail\index.php (13)
2013/03/11 12:33:41 [error] [php] include(YiiMailer.php) [<a href='function.include'>function.include</a>]: failed to open stream: No such file or directory (C:\xampp\yii\framework\YiiBase.php:421)
Stack trace:
#0 C:\xampp\htdocs\testingMail\protected\controllers\SiteController.php(122): spl_autoload_call()
#1 C:\xampp\htdocs\testingMail\protected\controllers\SiteController.php(54): SiteController->sendMail()
#2 C:\xampp\yii\framework\web\actions\CInlineAction.php(49): SiteController->actionContact()
#3 C:\xampp\yii\framework\web\CController.php(308): CInlineAction->runWithParams()
#4 C:\xampp\yii\framework\web\CController.php(286): SiteController->runAction()
#5 C:\xampp\yii\framework\web\CController.php(265): SiteController->runActionWithFilters()
#6 C:\xampp\yii\framework\web\CWebApplication.php(282): SiteController->run()
#7 C:\xampp\yii\framework\web\CWebApplication.php(141): CWebApplication->runController()
#8 C:\xampp\yii\framework\base\CApplication.php(169): CWebApplication->processRequest()
#9 C:\xampp\htdocs\testingMail\index.php(13): CWebApplication->run()
REQUEST_URI=/testingMail/index.php?r=site/contact
in C:\xampp\htdocs\testingMail\protected\controllers\SiteController.php (122)
in C:\xampp\htdocs\testingMail\protected\controllers\SiteController.php (54)
in C:\xampp\htdocs\testingMail\index.php (13)
2013/03/11 12:33:43 [error] [php] include(YiiMailer.php) [<a href='function.include'>function.include</a>]: failed to open stream: No such file or directory (C:\xampp\yii\framework\YiiBase.php:421)
Stack trace:
#0 C:\xampp\htdocs\testingMail\protected\controllers\SiteController.php(122): spl_autoload_call()
#1 C:\xampp\htdocs\testingMail\protected\controllers\SiteController.php(54): SiteController->sendMail()
#2 C:\xampp\yii\framework\web\actions\CInlineAction.php(49): SiteController->actionContact()
#3 C:\xampp\yii\framework\web\CController.php(308): CInlineAction->runWithParams()
#4 C:\xampp\yii\framework\web\CController.php(286): SiteController->runAction()
#5 C:\xampp\yii\framework\web\CController.php(265): SiteController->runActionWithFilters()
#6 C:\xampp\yii\framework\web\CWebApplication.php(282): SiteController->run()
#7 C:\xampp\yii\framework\web\CWebApplication.php(141): CWebApplication->runController()
#8 C:\xampp\yii\framework\base\CApplication.php(169): CWebApplication->processRequest()
#9 C:\xampp\htdocs\testingMail\index.php(13): CWebApplication->run()
REQUEST_URI=/testingMail/index.php?r=site/contact
in C:\xampp\htdocs\testingMail\protected\controllers\SiteController.php (122)
in C:\xampp\htdocs\testingMail\protected\controllers\SiteController.php (54)
in C:\xampp\htdocs\testingMail\index.php (13)
2013/03/11 12:33:48 [error] [php] include(YiiMailer.php) [<a href='function.include'>function.include</a>]: failed to open stream: No such file or directory (C:\xampp\yii\framework\YiiBase.php:421)
Stack trace:
#0 C:\xampp\htdocs\testingMail\protected\controllers\SiteController.php(122): spl_autoload_call()
#1 C:\xampp\htdocs\testingMail\protected\controllers\SiteController.php(54): SiteController->sendMail()
#2 C:\xampp\yii\framework\web\actions\CInlineAction.php(49): SiteController->actionContact()
#3 C:\xampp\yii\framework\web\CController.php(308): CInlineAction->runWithParams()
#4 C:\xampp\yii\framework\web\CController.php(286): SiteController->runAction()
#5 C:\xampp\yii\framework\web\CController.php(265): SiteController->runActionWithFilters()
#6 C:\xampp\yii\framework\web\CWebApplication.php(282): SiteController->run()
#7 C:\xampp\yii\framework\web\CWebApplication.php(141): CWebApplication->runController()
#8 C:\xampp\yii\framework\base\CApplication.php(169): CWebApplication->processRequest()
#9 C:\xampp\htdocs\testingMail\index.php(13): CWebApplication->run()
REQUEST_URI=/testingMail/index.php?r=site/contact
in C:\xampp\htdocs\testingMail\protected\controllers\SiteController.php (122)
in C:\xampp\htdocs\testingMail\protected\controllers\SiteController.php (54)
in C:\xampp\htdocs\testingMail\index.php (13)
2013/03/11 12:34:01 [error] [php] include(YiiMailer.php) [<a href='function.include'>function.include</a>]: failed to open stream: No such file or directory (C:\xampp\yii\framework\YiiBase.php:421)
Stack trace:
#0 C:\xampp\htdocs\testingMail\protected\controllers\SiteController.php(122): spl_autoload_call()
#1 C:\xampp\htdocs\testingMail\protected\controllers\SiteController.php(54): SiteController->sendMail()
#2 C:\xampp\yii\framework\web\actions\CInlineAction.php(49): SiteController->actionContact()
#3 C:\xampp\yii\framework\web\CController.php(308): CInlineAction->runWithParams()
#4 C:\xampp\yii\framework\web\CController.php(286): SiteController->runAction()
#5 C:\xampp\yii\framework\web\CController.php(265): SiteController->runActionWithFilters()
#6 C:\xampp\yii\framework\web\CWebApplication.php(282): SiteController->run()
#7 C:\xampp\yii\framework\web\CWebApplication.php(141): CWebApplication->runController()
#8 C:\xampp\yii\framework\base\CApplication.php(169): CWebApplication->processRequest()
#9 C:\xampp\htdocs\testingMail\index.php(13): CWebApplication->run()
REQUEST_URI=/testingMail/index.php?r=site/contact
in C:\xampp\htdocs\testingMail\protected\controllers\SiteController.php (122)
in C:\xampp\htdocs\testingMail\protected\controllers\SiteController.php (54)
in C:\xampp\htdocs\testingMail\index.php (13)
2013/03/11 12:51:52 [error] [php] include(YiiMailer.php) [<a href='function.include'>function.include</a>]: failed to open stream: No such file or directory (C:\xampp\yii\framework\YiiBase.php:421)
Stack trace:
#0 C:\xampp\htdocs\testingMail\protected\controllers\SiteController.php(63): spl_autoload_call()
#1 C:\xampp\yii\framework\web\actions\CInlineAction.php(49): SiteController->actionContact()
#2 C:\xampp\yii\framework\web\CController.php(308): CInlineAction->runWithParams()
#3 C:\xampp\yii\framework\web\CController.php(286): SiteController->runAction()
#4 C:\xampp\yii\framework\web\CController.php(265): SiteController->runActionWithFilters()
#5 C:\xampp\yii\framework\web\CWebApplication.php(282): SiteController->run()
#6 C:\xampp\yii\framework\web\CWebApplication.php(141): CWebApplication->runController()
#7 C:\xampp\yii\framework\base\CApplication.php(169): CWebApplication->processRequest()
#8 C:\xampp\htdocs\testingMail\index.php(13): CWebApplication->run()
REQUEST_URI=/testingMail/index.php?r=site/contact
in C:\xampp\htdocs\testingMail\protected\controllers\SiteController.php (63)
in C:\xampp\htdocs\testingMail\index.php (13)
2013/03/11 12:56:19 [error] [php] include(YiiMailer.php) [<a href='function.include'>function.include</a>]: failed to open stream: No such file or directory (C:\xampp\yii\framework\YiiBase.php:421)
Stack trace:
#0 C:\xampp\htdocs\testingMail\protected\controllers\SiteController.php(63): spl_autoload_call()
#1 C:\xampp\yii\framework\web\actions\CInlineAction.php(49): SiteController->actionContact()
#2 C:\xampp\yii\framework\web\CController.php(308): CInlineAction->runWithParams()
#3 C:\xampp\yii\framework\web\CController.php(286): SiteController->runAction()
#4 C:\xampp\yii\framework\web\CController.php(265): SiteController->runActionWithFilters()
#5 C:\xampp\yii\framework\web\CWebApplication.php(282): SiteController->run()
#6 C:\xampp\yii\framework\web\CWebApplication.php(141): CWebApplication->runController()
#7 C:\xampp\yii\framework\base\CApplication.php(169): CWebApplication->processRequest()
#8 C:\xampp\htdocs\testingMail\index.php(13): CWebApplication->run()
REQUEST_URI=/testingMail/index.php?r=site/contact
in C:\xampp\htdocs\testingMail\protected\controllers\SiteController.php (63)
in C:\xampp\htdocs\testingMail\index.php (13)
2013/03/12 10:26:10 [error] [php] include(YiiMailer.php) [<a href='function.include'>function.include</a>]: failed to open stream: No such file or directory (C:\xampp\yii\framework\YiiBase.php:421)
Stack trace:
#0 C:\xampp\htdocs\testingMail\protected\controllers\SiteController.php(63): spl_autoload_call()
#1 C:\xampp\yii\framework\web\actions\CInlineAction.php(49): SiteController->actionContact()
#2 C:\xampp\yii\framework\web\CController.php(308): CInlineAction->runWithParams()
#3 C:\xampp\yii\framework\web\CController.php(286): SiteController->runAction()
#4 C:\xampp\yii\framework\web\CController.php(265): SiteController->runActionWithFilters()
#5 C:\xampp\yii\framework\web\CWebApplication.php(282): SiteController->run()
#6 C:\xampp\yii\framework\web\CWebApplication.php(141): CWebApplication->runController()
#7 C:\xampp\yii\framework\base\CApplication.php(169): CWebApplication->processRequest()
#8 C:\xampp\htdocs\testingMail\index.php(13): CWebApplication->run()
REQUEST_URI=/testingMail/index.php?r=site/contact
in C:\xampp\htdocs\testingMail\protected\controllers\SiteController.php (63)
in C:\xampp\htdocs\testingMail\index.php (13)
